

Started GET "/" for 127.0.0.1 at 2013-09-25 20:10:41 +0530
Processing by Rails::WelcomeController#index as HTML
  Rendered /home/mani/.rvm/gems/ruby-1.9.3-p448/gems/railties-4.0.0/lib/rails/templates/rails/welcome/index.html.erb (5.2ms)
Completed 200 OK in 84ms (Views: 42.1ms | ActiveRecord: 0.0ms)
  [1m[36m (1173.2ms)[0m  [1mCREATE TABLE `schema_migrations` (`version` varchar(255) NOT NULL) ENGINE=InnoDB[0m
  [1m[35m (605.2ms)[0m  CREATE UNIQUE INDEX `unique_schema_migrations` ON `schema_migrations` (`version`) 
  [1m[36mActiveRecord::SchemaMigration Load (28.2ms)[0m  [1mSELECT `schema_migrations`.* FROM `schema_migrations`[0m
Migrating to CreateExamples (20130925160529)
  [1m[35m (190.5ms)[0m  CREATE TABLE `examples` (`id` int(11) DEFAULT NULL auto_increment PRIMARY KEY, `name` varchar(255), `count` int(11), `created_at` datetime, `updated_at` datetime) ENGINE=InnoDB
  [1m[36m (18.0ms)[0m  [1mBEGIN[0m
  [1m[35mSQL (2.1ms)[0m  INSERT INTO `schema_migrations` (`version`) VALUES ('20130925160529')
  [1m[36m (87.1ms)[0m  [1mCOMMIT[0m
  [1m[35mActiveRecord::SchemaMigration Load (0.5ms)[0m  SELECT `schema_migrations`.* FROM `schema_migrations`
  [1m[36m (0.3ms)[0m  [1mBEGIN[0m
  [1m[35mSQL (72.8ms)[0m  INSERT INTO `examples` (`created_at`, `name`, `updated_at`) VALUES ('2013-09-25 17:00:40', 'mani', '2013-09-25 17:00:40')
  [1m[36m (96.9ms)[0m  [1mCOMMIT[0m
  [1m[36mExample Load (51.0ms)[0m  [1mSELECT `examples`.* FROM `examples` WHERE `examples`.`id` = 1 LIMIT 1[0m
  [1m[35m (0.4ms)[0m  BEGIN
  [1m[36m (0.3ms)[0m  [1mROLLBACK[0m
  [1m[36mExample Load (0.2ms)[0m  [1mSELECT `examples`.* FROM `examples` WHERE `examples`.`id` = 1 LIMIT 1[0m
  [1m[35m (0.3ms)[0m  BEGIN
  [1m[36m (0.4ms)[0m  [1mROLLBACK[0m
  [1m[36mExample Load (0.3ms)[0m  [1mSELECT `examples`.* FROM `examples` WHERE `examples`.`id` = 1 LIMIT 1[0m
  [1m[36m (0.4ms)[0m  [1mBEGIN[0m
  [1m[35mSQL (30.3ms)[0m  INSERT INTO `examples` (`created_at`, `name`, `updated_at`) VALUES ('2013-09-25 17:17:05', 'mani', '2013-09-25 17:17:05')
  [1m[36m (104.9ms)[0m  [1mCOMMIT[0m
  [1m[35m (0.4ms)[0m  BEGIN
  [1m[36mSQL (20.9ms)[0m  [1mINSERT INTO `examples` (`created_at`, `name`, `updated_at`) VALUES ('2013-09-25 17:17:05', 'mani', '2013-09-25 17:17:05')[0m
  [1m[35m (107.8ms)[0m  COMMIT
  [1m[36m (0.3ms)[0m  [1mBEGIN[0m
  [1m[35mSQL (1.7ms)[0m  INSERT INTO `examples` (`created_at`, `name`, `updated_at`) VALUES ('2013-09-25 17:17:05', 'mani', '2013-09-25 17:17:05')
  [1m[36m (117.8ms)[0m  [1mCOMMIT[0m
  [1m[35m (0.3ms)[0m  BEGIN
  [1m[36mSQL (26.0ms)[0m  [1mINSERT INTO `examples` (`created_at`, `name`, `updated_at`) VALUES ('2013-09-25 17:17:05', 'mani', '2013-09-25 17:17:05')[0m
  [1m[35m (93.4ms)[0m  COMMIT
  [1m[36m (0.3ms)[0m  [1mBEGIN[0m
  [1m[35mSQL (0.6ms)[0m  INSERT INTO `examples` (`created_at`, `name`, `updated_at`) VALUES ('2013-09-25 17:17:06', 'mani', '2013-09-25 17:17:06')
  [1m[36m (63.7ms)[0m  [1mCOMMIT[0m
  [1m[36m (0.3ms)[0m  [1mBEGIN[0m
  [1m[35mSQL (36.5ms)[0m  INSERT INTO `examples` (`count`, `created_at`, `name`, `updated_at`) VALUES (123, '2013-09-25 17:19:58', 'mani', '2013-09-25 17:19:58')
  [1m[36m (96.9ms)[0m  [1mCOMMIT[0m
  [1m[35m (0.4ms)[0m  BEGIN
  [1m[36mSQL (1.5ms)[0m  [1mINSERT INTO `examples` (`count`, `created_at`, `name`, `updated_at`) VALUES (123, '2013-09-25 17:19:58', 'mani', '2013-09-25 17:19:58')[0m
  [1m[35m (60.7ms)[0m  COMMIT
  [1m[36m (0.3ms)[0m  [1mBEGIN[0m
  [1m[35mSQL (1.4ms)[0m  INSERT INTO `examples` (`count`, `created_at`, `name`, `updated_at`) VALUES (123, '2013-09-25 17:19:58', 'mani', '2013-09-25 17:19:58')
  [1m[36m (62.5ms)[0m  [1mCOMMIT[0m
  [1m[35m (0.3ms)[0m  BEGIN
  [1m[36mSQL (0.7ms)[0m  [1mINSERT INTO `examples` (`count`, `created_at`, `name`, `updated_at`) VALUES (123, '2013-09-25 17:19:58', 'mani', '2013-09-25 17:19:58')[0m
  [1m[35m (63.3ms)[0m  COMMIT
  [1m[36m (0.3ms)[0m  [1mBEGIN[0m
  [1m[35mSQL (1.5ms)[0m  INSERT INTO `examples` (`count`, `created_at`, `name`, `updated_at`) VALUES (123, '2013-09-25 17:19:58', 'mani', '2013-09-25 17:19:58')
  [1m[36m (63.6ms)[0m  [1mCOMMIT[0m
  [1m[36mExample Load (0.7ms)[0m  [1mSELECT `examples`.* FROM `examples` WHERE `examples`.`id` = 1 LIMIT 1[0m
  [1m[35m (0.4ms)[0m  BEGIN
  [1m[36mSQL (63.9ms)[0m  [1mUPDATE `examples` SET `count` = 125, `updated_at` = '2013-09-25 17:22:24' WHERE `examples`.`id` = 1[0m
  [1m[35m (109.2ms)[0m  COMMIT


Started GET "/posts" for 127.0.0.1 at 2013-09-26 09:56:50 +0530
  [1m[36mActiveRecord::SchemaMigration Load (0.4ms)[0m  [1mSELECT `schema_migrations`.* FROM `schema_migrations`[0m

ActionController::RoutingError (No route matches [GET] "/posts"):
  actionpack (4.0.0) lib/action_dispatch/middleware/debug_exceptions.rb:21:in `call'
  actionpack (4.0.0) lib/action_dispatch/middleware/show_exceptions.rb:30:in `call'
  railties (4.0.0) lib/rails/rack/logger.rb:38:in `call_app'
  railties (4.0.0) lib/rails/rack/logger.rb:21:in `block in call'
  activesupport (4.0.0) lib/active_support/tagged_logging.rb:67:in `block in tagged'
  activesupport (4.0.0) lib/active_support/tagged_logging.rb:25:in `tagged'
  activesupport (4.0.0) lib/active_support/tagged_logging.rb:67:in `tagged'
  railties (4.0.0) lib/rails/rack/logger.rb:21:in `call'
  actionpack (4.0.0) lib/action_dispatch/middleware/request_id.rb:21:in `call'
  rack (1.5.2) lib/rack/methodoverride.rb:21:in `call'
  rack (1.5.2) lib/rack/runtime.rb:17:in `call'
  activesupport (4.0.0) lib/active_support/cache/strategy/local_cache.rb:83:in `call'
  rack (1.5.2) lib/rack/lock.rb:17:in `call'
  actionpack (4.0.0) lib/action_dispatch/middleware/static.rb:64:in `call'
  railties (4.0.0) lib/rails/engine.rb:511:in `call'
  railties (4.0.0) lib/rails/application.rb:97:in `call'
  rack (1.5.2) lib/rack/lock.rb:17:in `call'
  rack (1.5.2) lib/rack/content_length.rb:14:in `call'
  rack (1.5.2) lib/rack/handler/webrick.rb:60:in `service'
  /home/mani/.rvm/rubies/ruby-1.9.3-p448/lib/ruby/1.9.1/webrick/httpserver.rb:138:in `service'
  /home/mani/.rvm/rubies/ruby-1.9.3-p448/lib/ruby/1.9.1/webrick/httpserver.rb:94:in `run'
  /home/mani/.rvm/rubies/ruby-1.9.3-p448/lib/ruby/1.9.1/webrick/server.rb:191:in `block in start_thread'


  Rendered /home/mani/.rvm/gems/ruby-1.9.3-p448/gems/actionpack-4.0.0/lib/action_dispatch/middleware/templates/rescues/_trace.erb (2.1ms)
  Rendered /home/mani/.rvm/gems/ruby-1.9.3-p448/gems/actionpack-4.0.0/lib/action_dispatch/middleware/templates/routes/_table.html.erb (11.4ms)
  Rendered /home/mani/.rvm/gems/ruby-1.9.3-p448/gems/actionpack-4.0.0/lib/action_dispatch/middleware/templates/rescues/routing_error.erb within rescues/layout (61.7ms)


Started GET "/" for 127.0.0.1 at 2013-09-26 09:57:02 +0530
Processing by Rails::WelcomeController#index as HTML
  Rendered /home/mani/.rvm/gems/ruby-1.9.3-p448/gems/railties-4.0.0/lib/rails/templates/rails/welcome/index.html.erb (2.4ms)
Completed 200 OK in 68ms (Views: 27.2ms | ActiveRecord: 0.0ms)


Started GET "/" for 127.0.0.1 at 2013-09-28 20:59:06 +0530
  [1m[36mActiveRecord::SchemaMigration Load (0.5ms)[0m  [1mSELECT `schema_migrations`.* FROM `schema_migrations`[0m
Processing by Rails::WelcomeController#index as HTML
  Rendered /home/mani/.rvm/gems/ruby-1.9.3-p448/gems/railties-4.0.0/lib/rails/templates/rails/welcome/index.html.erb (9.0ms)
Completed 200 OK in 138ms (Views: 87.1ms | ActiveRecord: 0.0ms)


Started GET "/" for 127.0.0.1 at 2013-09-28 20:59:31 +0530
Processing by Rails::WelcomeController#index as HTML
  Rendered /home/mani/.rvm/gems/ruby-1.9.3-p448/gems/railties-4.0.0/lib/rails/templates/rails/welcome/index.html.erb (0.1ms)
Completed 200 OK in 5ms (Views: 3.4ms | ActiveRecord: 0.0ms)


Started GET "/" for 127.0.0.1 at 2013-09-28 20:59:32 +0530
Processing by Rails::WelcomeController#index as HTML
  Rendered /home/mani/.rvm/gems/ruby-1.9.3-p448/gems/railties-4.0.0/lib/rails/templates/rails/welcome/index.html.erb (0.1ms)
Completed 200 OK in 5ms (Views: 3.9ms | ActiveRecord: 0.0ms)


Started GET "/" for 127.0.0.1 at 2013-09-28 20:59:33 +0530
Processing by Rails::WelcomeController#index as HTML
  Rendered /home/mani/.rvm/gems/ruby-1.9.3-p448/gems/railties-4.0.0/lib/rails/templates/rails/welcome/index.html.erb (0.1ms)
Completed 200 OK in 5ms (Views: 4.2ms | ActiveRecord: 0.0ms)


Started GET "/" for 127.0.0.1 at 2013-09-28 20:59:34 +0530
Processing by Rails::WelcomeController#index as HTML
  Rendered /home/mani/.rvm/gems/ruby-1.9.3-p448/gems/railties-4.0.0/lib/rails/templates/rails/welcome/index.html.erb (0.4ms)
Completed 200 OK in 6ms (Views: 5.3ms | ActiveRecord: 0.0ms)


Started GET "/" for 127.0.0.1 at 2013-09-28 20:59:35 +0530
Processing by Rails::WelcomeController#index as HTML
  Rendered /home/mani/.rvm/gems/ruby-1.9.3-p448/gems/railties-4.0.0/lib/rails/templates/rails/welcome/index.html.erb (0.3ms)
Completed 200 OK in 5ms (Views: 4.5ms | ActiveRecord: 0.0ms)


Started GET "/" for 127.0.0.1 at 2013-09-28 20:59:36 +0530
Processing by Rails::WelcomeController#index as HTML
  Rendered /home/mani/.rvm/gems/ruby-1.9.3-p448/gems/railties-4.0.0/lib/rails/templates/rails/welcome/index.html.erb (0.4ms)
Completed 200 OK in 6ms (Views: 5.5ms | ActiveRecord: 0.0ms)


Started GET "/" for 127.0.0.1 at 2013-09-28 20:59:37 +0530
Processing by Rails::WelcomeController#index as HTML
  Rendered /home/mani/.rvm/gems/ruby-1.9.3-p448/gems/railties-4.0.0/lib/rails/templates/rails/welcome/index.html.erb (0.2ms)
Completed 200 OK in 5ms (Views: 4.3ms | ActiveRecord: 0.0ms)
